<?xml version="1.0" encoding="UTF-8"?>
<!-- Generated by org.testng.reporters.JUnitReportReporter -->
<testsuite hostname="Leipzigs-Tree.local" failures="0" tests="3" name="com.mycompany.test.testeng.TestEngine" time="0.004" errors="0" timestamp="2023-02-10T20:01:36 PST" skipped="0">
  <testcase classname="com.mycompany.test.testeng.TestEngine" name="testDatabase" time="0.001"/>
  <system-out/>
  <testcase classname="com.mycompany.test.testeng.TestEngine" name="secondtest" time="0.002"/>
  <system-out/>
  <testcase classname="com.mycompany.test.testeng.TestEngine" name="testfirst" time="0.001"/>
  <system-out/>
</testsuite> <!-- com.mycompany.test.testeng.TestEngine -->
