<?xml version="1.0" encoding="UTF-8"?>
<!-- Generated by org.testng.reporters.JUnitReportReporter -->
<testsuite hostname="Leipzigs-Tree.local" failures="0" tests="2" name="com.mycompany.test.testeng.TestYahoo" time="0.006" errors="0" timestamp="2023-02-10T20:01:36 PST" skipped="0">
  <testcase classname="com.mycompany.test.testeng.TestYahoo" name="testYahoo" time="0.000"/>
  <system-out/>
  <testcase classname="com.mycompany.test.testeng.TestYahoo" name="testYahoo" time="0.006"/>
  <system-out/>
</testsuite> <!-- com.mycompany.test.testeng.TestYahoo -->
